2022-03-28 09:20:56.132  INFO 18460 --- [main] c.e.demo.EchoControllerNoMockitoTest     : Starting EchoControllerNoMockitoTest on DESKTOP-KJUL5ST with PID 18460 (started by qiao in D:\DevelopTools\eclipse-workspace\SpringBoot-WordProcessor)
2022-03-28 09:20:56.133  INFO 18460 --- [main] c.e.demo.EchoControllerNoMockitoTest     : No active profile set, falling back to default profiles: default
2022-03-28 09:20:57.298  INFO 18460 --- [main] o.s.s.concurrent.ThreadPoolTaskExecutor  : Initializing ExecutorService 'applicationTaskExecutor'
2022-03-28 09:20:57.667  INFO 18460 --- [main] o.s.b.t.m.w.SpringBootMockServletContext : Initializing Spring TestDispatcherServlet ''
2022-03-28 09:20:57.667  INFO 18460 --- [main] o.s.t.web.servlet.TestDispatcherServlet  : Initializing Servlet ''
2022-03-28 09:20:57.684  INFO 18460 --- [main] o.s.t.web.servlet.TestDispatcherServlet  : Completed initialization in 17 ms
2022-03-28 09:20:57.704  INFO 18460 --- [main] c.e.demo.EchoControllerNoMockitoTest     : Started EchoControllerNoMockitoTest in 1.958 seconds (JVM running for 3.109)
2022-03-28 09:20:58.196  INFO 18460 --- [SpringContextShutdownHook] o.s.s.concurrent.ThreadPoolTaskExecutor  : Shutting down ExecutorService 'applicationTaskExecutor'
2022-03-28 10:28:27.904  INFO 8892 --- [main] com.example.demo.HttpRequestTest         : Starting HttpRequestTest on DESKTOP-KJUL5ST with PID 8892 (started by qiao in D:\DevelopTools\eclipse-workspace\SpringBoot-WordProcessor)
2022-03-28 10:28:27.906  INFO 8892 --- [main] com.example.demo.HttpRequestTest         : No active profile set, falling back to default profiles: default
2022-03-28 10:28:29.103  INFO 8892 --- [main] o.s.b.w.embedded.tomcat.TomcatWebServer  : Tomcat initialized with port(s): 0 (http)
2022-03-28 10:28:29.117  INFO 8892 --- [main] o.apache.catalina.core.StandardService   : Starting service [Tomcat]
2022-03-28 10:28:29.118  INFO 8892 --- [main] org.apache.catalina.core.StandardEngine  : Starting Servlet engine: [Apache Tomcat/9.0.35]
2022-03-28 10:28:29.238  INFO 8892 --- [main] o.a.c.c.C.[Tomcat].[localhost].[/]       : Initializing Spring embedded WebApplicationContext
2022-03-28 10:28:29.238  INFO 8892 --- [main] o.s.web.context.ContextLoader            : Root WebApplicationContext: initialization completed in 1308 ms
2022-03-28 10:28:29.567  INFO 8892 --- [main] o.s.s.concurrent.ThreadPoolTaskExecutor  : Initializing ExecutorService 'applicationTaskExecutor'
2022-03-28 10:28:29.982  INFO 8892 --- [main] o.s.b.w.embedded.tomcat.TomcatWebServer  : Tomcat started on port(s): 51601 (http) with context path ''
2022-03-28 10:28:29.993  INFO 8892 --- [main] com.example.demo.HttpRequestTest         : Started HttpRequestTest in 2.528 seconds (JVM running for 3.987)
2022-03-28 10:28:30.506  INFO 8892 --- [http-nio-auto-1-exec-1] o.a.c.c.C.[Tomcat].[localhost].[/]       : Initializing Spring DispatcherServlet 'dispatcherServlet'
2022-03-28 10:28:30.506  INFO 8892 --- [http-nio-auto-1-exec-1] o.s.web.servlet.DispatcherServlet        : Initializing Servlet 'dispatcherServlet'
2022-03-28 10:28:30.525  INFO 8892 --- [http-nio-auto-1-exec-1] o.s.web.servlet.DispatcherServlet        : Completed initialization in 19 ms
2022-03-28 10:28:30.558  INFO 8892 --- [http-nio-auto-1-exec-1] com.example.demo.service.WordService     : Count String list...[aaa, bbb, ccc], filter rules:  start with a end with c shorter than 6 longer than 1 
2022-03-28 10:28:30.826  INFO 8892 --- [SpringContextShutdownHook] o.s.s.concurrent.ThreadPoolTaskExecutor  : Shutting down ExecutorService 'applicationTaskExecutor'
2022-03-28 14:59:55.483  INFO 19792 --- [main] com.example.demo.HttpRequestTest         : Starting HttpRequestTest on DESKTOP-KJUL5ST with PID 19792 (started by qiao in D:\DevelopTools\eclipse-workspace\SpringBoot-WordProcessor)
2022-03-28 14:59:55.485  INFO 19792 --- [main] com.example.demo.HttpRequestTest         : No active profile set, falling back to default profiles: default
2022-03-28 14:59:56.557  INFO 19792 --- [main] o.s.b.w.embedded.tomcat.TomcatWebServer  : Tomcat initialized with port(s): 0 (http)
2022-03-28 14:59:56.573  INFO 19792 --- [main] o.apache.catalina.core.StandardService   : Starting service [Tomcat]
2022-03-28 14:59:56.573  INFO 19792 --- [main] org.apache.catalina.core.StandardEngine  : Starting Servlet engine: [Apache Tomcat/9.0.35]
2022-03-28 14:59:56.688  INFO 19792 --- [main] o.a.c.c.C.[Tomcat].[localhost].[/]       : Initializing Spring embedded WebApplicationContext
2022-03-28 14:59:56.688  INFO 19792 --- [main] o.s.web.context.ContextLoader            : Root WebApplicationContext: initialization completed in 1182 ms
2022-03-28 14:59:57.013  INFO 19792 --- [main] o.s.s.concurrent.ThreadPoolTaskExecutor  : Initializing ExecutorService 'applicationTaskExecutor'
2022-03-28 14:59:57.442  INFO 19792 --- [main] o.s.b.w.embedded.tomcat.TomcatWebServer  : Tomcat started on port(s): 53035 (http) with context path ''
2022-03-28 14:59:57.452  INFO 19792 --- [main] com.example.demo.HttpRequestTest         : Started HttpRequestTest in 2.401 seconds (JVM running for 3.603)
2022-03-28 14:59:57.990  INFO 19792 --- [http-nio-auto-1-exec-1] o.a.c.c.C.[Tomcat].[localhost].[/]       : Initializing Spring DispatcherServlet 'dispatcherServlet'
2022-03-28 14:59:57.991  INFO 19792 --- [http-nio-auto-1-exec-1] o.s.web.servlet.DispatcherServlet        : Initializing Servlet 'dispatcherServlet'
2022-03-28 14:59:58.009  INFO 19792 --- [http-nio-auto-1-exec-1] o.s.web.servlet.DispatcherServlet        : Completed initialization in 18 ms
2022-03-28 14:59:58.038  INFO 19792 --- [http-nio-auto-1-exec-1] com.example.demo.service.WordService     : Count String list...[aaa, bbb, ccc], filter rules:  start with a end with c shorter than 6 longer than 1 
2022-03-28 14:59:58.283  INFO 19792 --- [SpringContextShutdownHook] o.s.s.concurrent.ThreadPoolTaskExecutor  : Shutting down ExecutorService 'applicationTaskExecutor'
2022-03-28 15:04:48.299  INFO 17812 --- [main] com.example.demo.WordControllerMockTest  : Starting WordControllerMockTest on DESKTOP-KJUL5ST with PID 17812 (started by qiao in D:\DevelopTools\eclipse-workspace\SpringBoot-WordProcessor)
2022-03-28 15:04:48.300  INFO 17812 --- [main] com.example.demo.WordControllerMockTest  : No active profile set, falling back to default profiles: default
2022-03-28 15:04:49.787  INFO 17812 --- [main] o.s.s.concurrent.ThreadPoolTaskExecutor  : Initializing ExecutorService 'applicationTaskExecutor'
2022-03-28 15:04:50.158  INFO 17812 --- [main] o.s.b.t.m.w.SpringBootMockServletContext : Initializing Spring TestDispatcherServlet ''
2022-03-28 15:04:50.158  INFO 17812 --- [main] o.s.t.web.servlet.TestDispatcherServlet  : Initializing Servlet ''
2022-03-28 15:04:50.170  INFO 17812 --- [main] o.s.t.web.servlet.TestDispatcherServlet  : Completed initialization in 10 ms
2022-03-28 15:04:50.189  INFO 17812 --- [main] com.example.demo.WordControllerMockTest  : Started WordControllerMockTest in 2.3 seconds (JVM running for 3.585)
2022-03-28 15:04:50.511  INFO 17812 --- [SpringContextShutdownHook] o.s.s.concurrent.ThreadPoolTaskExecutor  : Shutting down ExecutorService 'applicationTaskExecutor'
2022-03-28 17:15:15.375  INFO 21672 --- [main] com.example.demo.WordControllerMockTest  : Starting WordControllerMockTest on DESKTOP-KJUL5ST with PID 21672 (started by qiao in D:\DevelopTools\eclipse-workspace\SpringBoot-WordProcessor)
2022-03-28 17:15:15.377  INFO 21672 --- [main] com.example.demo.WordControllerMockTest  : No active profile set, falling back to default profiles: default
2022-03-28 17:15:16.953  INFO 21672 --- [main] o.s.s.concurrent.ThreadPoolTaskExecutor  : Initializing ExecutorService 'applicationTaskExecutor'
2022-03-28 17:15:17.298  INFO 21672 --- [main] o.s.b.t.m.w.SpringBootMockServletContext : Initializing Spring TestDispatcherServlet ''
2022-03-28 17:15:17.299  INFO 21672 --- [main] o.s.t.web.servlet.TestDispatcherServlet  : Initializing Servlet ''
2022-03-28 17:15:17.311  INFO 21672 --- [main] o.s.t.web.servlet.TestDispatcherServlet  : Completed initialization in 12 ms
2022-03-28 17:15:17.330  INFO 21672 --- [main] com.example.demo.WordControllerMockTest  : Started WordControllerMockTest in 2.374 seconds (JVM running for 3.586)
2022-03-28 17:15:17.595  INFO 21672 --- [SpringContextShutdownHook] o.s.s.concurrent.ThreadPoolTaskExecutor  : Shutting down ExecutorService 'applicationTaskExecutor'
2022-03-28 17:15:57.542  INFO 22176 --- [main] com.example.demo.WordControllerMockTest  : Starting WordControllerMockTest on DESKTOP-KJUL5ST with PID 22176 (started by qiao in D:\DevelopTools\eclipse-workspace\SpringBoot-WordProcessor)
2022-03-28 17:15:57.544  INFO 22176 --- [main] com.example.demo.WordControllerMockTest  : No active profile set, falling back to default profiles: default
2022-03-28 17:15:58.993  INFO 22176 --- [main] o.s.s.concurrent.ThreadPoolTaskExecutor  : Initializing ExecutorService 'applicationTaskExecutor'
2022-03-28 17:15:59.351  INFO 22176 --- [main] o.s.b.t.m.w.SpringBootMockServletContext : Initializing Spring TestDispatcherServlet ''
2022-03-28 17:15:59.351  INFO 22176 --- [main] o.s.t.web.servlet.TestDispatcherServlet  : Initializing Servlet ''
2022-03-28 17:15:59.362  INFO 22176 --- [main] o.s.t.web.servlet.TestDispatcherServlet  : Completed initialization in 11 ms
2022-03-28 17:15:59.379  INFO 22176 --- [main] com.example.demo.WordControllerMockTest  : Started WordControllerMockTest in 2.211 seconds (JVM running for 3.467)
2022-03-28 17:15:59.746  INFO 22176 --- [SpringContextShutdownHook] o.s.s.concurrent.ThreadPoolTaskExecutor  : Shutting down ExecutorService 'applicationTaskExecutor'
2022-03-28 17:16:33.671  INFO 17504 --- [main] com.example.demo.WordControllerMockTest  : Starting WordControllerMockTest on DESKTOP-KJUL5ST with PID 17504 (started by qiao in D:\DevelopTools\eclipse-workspace\SpringBoot-WordProcessor)
2022-03-28 17:16:33.673  INFO 17504 --- [main] com.example.demo.WordControllerMockTest  : No active profile set, falling back to default profiles: default
2022-03-28 17:16:35.144  INFO 17504 --- [main] o.s.s.concurrent.ThreadPoolTaskExecutor  : Initializing ExecutorService 'applicationTaskExecutor'
2022-03-28 17:16:35.490  INFO 17504 --- [main] o.s.b.t.m.w.SpringBootMockServletContext : Initializing Spring TestDispatcherServlet ''
2022-03-28 17:16:35.490  INFO 17504 --- [main] o.s.t.web.servlet.TestDispatcherServlet  : Initializing Servlet ''
2022-03-28 17:16:35.502  INFO 17504 --- [main] o.s.t.web.servlet.TestDispatcherServlet  : Completed initialization in 12 ms
2022-03-28 17:16:35.520  INFO 17504 --- [main] com.example.demo.WordControllerMockTest  : Started WordControllerMockTest in 2.227 seconds (JVM running for 3.387)
2022-03-28 17:16:35.761  INFO 17504 --- [SpringContextShutdownHook] o.s.s.concurrent.ThreadPoolTaskExecutor  : Shutting down ExecutorService 'applicationTaskExecutor'
2022-03-28 17:27:32.564  INFO 22048 --- [main] com.example.demo.HttpRequestTest         : Starting HttpRequestTest on DESKTOP-KJUL5ST with PID 22048 (started by qiao in D:\DevelopTools\eclipse-workspace\SpringBoot-WordProcessor)
2022-03-28 17:27:32.567  INFO 22048 --- [main] com.example.demo.HttpRequestTest         : No active profile set, falling back to default profiles: default
2022-03-28 17:27:34.332  INFO 22048 --- [main] o.s.b.w.embedded.tomcat.TomcatWebServer  : Tomcat initialized with port(s): 0 (http)
2022-03-28 17:27:34.354  INFO 22048 --- [main] o.apache.catalina.core.StandardService   : Starting service [Tomcat]
2022-03-28 17:27:34.355  INFO 22048 --- [main] org.apache.catalina.core.StandardEngine  : Starting Servlet engine: [Apache Tomcat/9.0.35]
2022-03-28 17:27:34.573  INFO 22048 --- [main] o.a.c.c.C.[Tomcat].[localhost].[/]       : Initializing Spring embedded WebApplicationContext
2022-03-28 17:27:34.574  INFO 22048 --- [main] o.s.web.context.ContextLoader            : Root WebApplicationContext: initialization completed in 1976 ms
2022-03-28 17:27:35.216  INFO 22048 --- [main] o.s.s.concurrent.ThreadPoolTaskExecutor  : Initializing ExecutorService 'applicationTaskExecutor'
2022-03-28 17:27:35.882  INFO 22048 --- [main] o.s.b.w.embedded.tomcat.TomcatWebServer  : Tomcat started on port(s): 57909 (http) with context path ''
2022-03-28 17:27:35.897  INFO 22048 --- [main] com.example.demo.HttpRequestTest         : Started HttpRequestTest in 4.033 seconds (JVM running for 5.87)
2022-03-28 17:27:36.558  INFO 22048 --- [http-nio-auto-1-exec-1] o.a.c.c.C.[Tomcat].[localhost].[/]       : Initializing Spring DispatcherServlet 'dispatcherServlet'
2022-03-28 17:27:36.559  INFO 22048 --- [http-nio-auto-1-exec-1] o.s.web.servlet.DispatcherServlet        : Initializing Servlet 'dispatcherServlet'
2022-03-28 17:27:36.589  INFO 22048 --- [http-nio-auto-1-exec-1] o.s.web.servlet.DispatcherServlet        : Completed initialization in 30 ms
2022-03-28 17:27:36.637  INFO 22048 --- [http-nio-auto-1-exec-1] com.example.demo.service.WordService     : Count String list...[aaa, bbb, ccc], filter rules:  start with a end with c shorter than 6 longer than 1 
2022-03-28 17:27:37.022  INFO 22048 --- [SpringContextShutdownHook] o.s.s.concurrent.ThreadPoolTaskExecutor  : Shutting down ExecutorService 'applicationTaskExecutor'
2022-03-28 17:28:44.519  INFO 22472 --- [main] com.example.demo.WordControllerMockTest  : Starting WordControllerMockTest on DESKTOP-KJUL5ST with PID 22472 (started by qiao in D:\DevelopTools\eclipse-workspace\SpringBoot-WordProcessor)
2022-03-28 17:28:44.522  INFO 22472 --- [main] com.example.demo.WordControllerMockTest  : No active profile set, falling back to default profiles: default
2022-03-28 17:28:47.258  INFO 22472 --- [main] o.s.s.concurrent.ThreadPoolTaskExecutor  : Initializing ExecutorService 'applicationTaskExecutor'
2022-03-28 17:28:47.902  INFO 22472 --- [main] o.s.b.t.m.w.SpringBootMockServletContext : Initializing Spring TestDispatcherServlet ''
2022-03-28 17:28:47.902  INFO 22472 --- [main] o.s.t.web.servlet.TestDispatcherServlet  : Initializing Servlet ''
2022-03-28 17:28:47.923  INFO 22472 --- [main] o.s.t.web.servlet.TestDispatcherServlet  : Completed initialization in 20 ms
2022-03-28 17:28:47.952  INFO 22472 --- [main] com.example.demo.WordControllerMockTest  : Started WordControllerMockTest in 4.1 seconds (JVM running for 6.102)
2022-03-28 17:28:48.416  INFO 22472 --- [SpringContextShutdownHook] o.s.s.concurrent.ThreadPoolTaskExecutor  : Shutting down ExecutorService 'applicationTaskExecutor'
2022-03-28 17:29:19.648  INFO 15384 --- [main] com.example.demo.WordControllerMockTest  : Starting WordControllerMockTest on DESKTOP-KJUL5ST with PID 15384 (started by qiao in D:\DevelopTools\eclipse-workspace\SpringBoot-WordProcessor)
2022-03-28 17:29:19.653  INFO 15384 --- [main] com.example.demo.WordControllerMockTest  : No active profile set, falling back to default profiles: default
2022-03-28 17:29:22.261  INFO 15384 --- [main] o.s.s.concurrent.ThreadPoolTaskExecutor  : Initializing ExecutorService 'applicationTaskExecutor'
2022-03-28 17:29:22.954  INFO 15384 --- [main] o.s.b.t.m.w.SpringBootMockServletContext : Initializing Spring TestDispatcherServlet ''
2022-03-28 17:29:22.954  INFO 15384 --- [main] o.s.t.web.servlet.TestDispatcherServlet  : Initializing Servlet ''
2022-03-28 17:29:22.974  INFO 15384 --- [main] o.s.t.web.servlet.TestDispatcherServlet  : Completed initialization in 19 ms
2022-03-28 17:29:23.014  INFO 15384 --- [main] com.example.demo.WordControllerMockTest  : Started WordControllerMockTest in 4.097 seconds (JVM running for 6.256)
2022-03-28 17:29:23.485  INFO 15384 --- [SpringContextShutdownHook] o.s.s.concurrent.ThreadPoolTaskExecutor  : Shutting down ExecutorService 'applicationTaskExecutor'
2022-03-28 17:32:13.457  INFO 20128 --- [main] com.example.demo.Application             : Starting Application on DESKTOP-KJUL5ST with PID 20128 (D:\DevelopTools\eclipse-workspace\SpringBoot-WordProcessor\target\classes started by qiao in D:\DevelopTools\eclipse-workspace\SpringBoot-WordProcessor)
2022-03-28 17:32:13.460  INFO 20128 --- [main] com.example.demo.Application             : No active profile set, falling back to default profiles: default
2022-03-28 17:32:14.215  INFO 20128 --- [main] o.s.b.w.embedded.tomcat.TomcatWebServer  : Tomcat initialized with port(s): 8080 (http)
2022-03-28 17:32:14.224  INFO 20128 --- [main] o.apache.catalina.core.StandardService   : Starting service [Tomcat]
2022-03-28 17:32:14.224  INFO 20128 --- [main] org.apache.catalina.core.StandardEngine  : Starting Servlet engine: [Apache Tomcat/9.0.35]
2022-03-28 17:32:14.336  INFO 20128 --- [main] o.a.c.c.C.[Tomcat].[localhost].[/]       : Initializing Spring embedded WebApplicationContext
2022-03-28 17:32:14.337  INFO 20128 --- [main] o.s.web.context.ContextLoader            : Root WebApplicationContext: initialization completed in 836 ms
2022-03-28 17:32:14.476  INFO 20128 --- [main] o.s.s.concurrent.ThreadPoolTaskExecutor  : Initializing ExecutorService 'applicationTaskExecutor'
2022-03-28 17:32:14.705  INFO 20128 --- [main] o.s.b.w.embedded.tomcat.TomcatWebServer  : Tomcat started on port(s): 8080 (http) with context path ''
2022-03-28 17:32:14.715  INFO 20128 --- [main] com.example.demo.Application             : Started Application in 1.625 seconds (JVM running for 2.322)
2022-03-28 17:33:14.375  INFO 20128 --- [http-nio-8080-exec-1] o.a.c.c.C.[Tomcat].[localhost].[/]       : Initializing Spring DispatcherServlet 'dispatcherServlet'
2022-03-28 17:33:14.375  INFO 20128 --- [http-nio-8080-exec-1] o.s.web.servlet.DispatcherServlet        : Initializing Servlet 'dispatcherServlet'
2022-03-28 17:33:14.383  INFO 20128 --- [http-nio-8080-exec-1] o.s.web.servlet.DispatcherServlet        : Completed initialization in 8 ms
2022-03-28 17:33:21.510  INFO 20128 --- [http-nio-8080-exec-6] com.example.demo.service.WordService     : Count String list...[ sasdf, aaa, dfdf, aacc], filter rules:  start with a 
2022-03-28 17:33:31.829  INFO 20128 --- [http-nio-8080-exec-9] com.example.demo.service.WordService     : Count String list...[ sasdf, aaa, dfdf, aacc ], filter rules:  start with a end with c 
2022-03-28 17:33:38.854  INFO 20128 --- [http-nio-8080-exec-10] com.example.demo.service.WordService     : Count String list...[ sasdf, aaa, dfdf, aacc  ], filter rules:  start with a end with c 
2022-03-28 17:34:03.143  INFO 20128 --- [http-nio-8080-exec-2] com.example.demo.service.WordService     : Count String list...[ sasdf, aaa, dfdf, aacc], filter rules:  start with a end with c 
2022-03-28 17:34:13.846  INFO 20128 --- [http-nio-8080-exec-6] com.example.demo.service.WordService     : Count String list...[ sasdf, aaa, dfdf, aacc ], filter rules:  start with s end with f 
2022-03-28 17:34:18.030  INFO 20128 --- [http-nio-8080-exec-7] com.example.demo.service.WordService     : Count String list...[sasdf, aaa, dfdf, aacc  ], filter rules:  start with s end with f 
2022-03-28 17:34:26.506  INFO 20128 --- [RMI TCP Connection(4)-127.0.0.1] inMXBeanRegistrar$SpringApplicationAdmin : Application shutdown requested.
2022-03-28 17:34:26.551  INFO 20128 --- [RMI TCP Connection(4)-127.0.0.1] o.s.s.concurrent.ThreadPoolTaskExecutor  : Shutting down ExecutorService 'applicationTaskExecutor'
2022-03-28 18:34:57.440  INFO 21620 --- [main] com.example.demo.Application             : Starting Application on DESKTOP-KJUL5ST with PID 21620 (D:\DevelopTools\eclipse-workspace\SpringBoot-WordProcessor\target\classes started by qiao in D:\DevelopTools\eclipse-workspace\SpringBoot-WordProcessor)
2022-03-28 18:34:57.443  INFO 21620 --- [main] com.example.demo.Application             : No active profile set, falling back to default profiles: default
2022-03-28 18:34:58.530  INFO 21620 --- [main] o.s.b.w.embedded.tomcat.TomcatWebServer  : Tomcat initialized with port(s): 8080 (http)
2022-03-28 18:34:58.543  INFO 21620 --- [main] o.apache.catalina.core.StandardService   : Starting service [Tomcat]
2022-03-28 18:34:58.543  INFO 21620 --- [main] org.apache.catalina.core.StandardEngine  : Starting Servlet engine: [Apache Tomcat/9.0.35]
2022-03-28 18:34:58.666  INFO 21620 --- [main] o.a.c.c.C.[Tomcat].[localhost].[/]       : Initializing Spring embedded WebApplicationContext
2022-03-28 18:34:58.667  INFO 21620 --- [main] o.s.web.context.ContextLoader            : Root WebApplicationContext: initialization completed in 1179 ms
2022-03-28 18:34:58.887  INFO 21620 --- [main] o.s.s.concurrent.ThreadPoolTaskExecutor  : Initializing ExecutorService 'applicationTaskExecutor'
2022-03-28 18:34:59.199  INFO 21620 --- [main] o.s.b.w.embedded.tomcat.TomcatWebServer  : Tomcat started on port(s): 8080 (http) with context path ''
2022-03-28 18:34:59.210  INFO 21620 --- [main] com.example.demo.Application             : Started Application in 2.23 seconds (JVM running for 2.671)
2022-03-28 18:35:04.845  INFO 21620 --- [http-nio-8080-exec-1] o.a.c.c.C.[Tomcat].[localhost].[/]       : Initializing Spring DispatcherServlet 'dispatcherServlet'
2022-03-28 18:35:04.845  INFO 21620 --- [http-nio-8080-exec-1] o.s.web.servlet.DispatcherServlet        : Initializing Servlet 'dispatcherServlet'
2022-03-28 18:35:04.853  INFO 21620 --- [http-nio-8080-exec-1] o.s.web.servlet.DispatcherServlet        : Completed initialization in 8 ms
2022-03-28 18:35:15.115  INFO 21620 --- [http-nio-8080-exec-4] com.example.demo.service.WordService     : Count String list...[ sasdf, aaa, dfdf, aacc], filter rules:  start with bbba 
2022-03-28 18:35:19.745  INFO 21620 --- [http-nio-8080-exec-7] com.example.demo.service.WordService     : Count String list...[ sasdf, aaa, dfdf, aacc ], filter rules:  start with a 
2022-03-28 20:20:48.001  INFO 1876 --- [main] com.example.demo.Application             : Starting Application on DESKTOP-KJUL5ST with PID 1876 (D:\DevelopTools\eclipse-workspace\SpringBoot-WordProcessor\target\classes started by qiao in D:\DevelopTools\eclipse-workspace\SpringBoot-WordProcessor)
2022-03-28 20:20:48.005  INFO 1876 --- [main] com.example.demo.Application             : No active profile set, falling back to default profiles: default
2022-03-28 20:20:48.722  INFO 1876 --- [main] o.s.b.w.embedded.tomcat.TomcatWebServer  : Tomcat initialized with port(s): 8080 (http)
2022-03-28 20:20:48.731  INFO 1876 --- [main] o.apache.catalina.core.StandardService   : Starting service [Tomcat]
2022-03-28 20:20:48.732  INFO 1876 --- [main] org.apache.catalina.core.StandardEngine  : Starting Servlet engine: [Apache Tomcat/9.0.35]
2022-03-28 20:20:48.819  INFO 1876 --- [main] o.a.c.c.C.[Tomcat].[localhost].[/]       : Initializing Spring embedded WebApplicationContext
2022-03-28 20:20:48.820  INFO 1876 --- [main] o.s.web.context.ContextLoader            : Root WebApplicationContext: initialization completed in 777 ms
2022-03-28 20:20:48.944  INFO 1876 --- [main] o.s.s.concurrent.ThreadPoolTaskExecutor  : Initializing ExecutorService 'applicationTaskExecutor'
2022-03-28 20:20:49.176  INFO 1876 --- [main] o.s.b.w.embedded.tomcat.TomcatWebServer  : Tomcat started on port(s): 8080 (http) with context path ''
2022-03-28 20:20:49.184  INFO 1876 --- [main] com.example.demo.Application             : Started Application in 1.547 seconds (JVM running for 2.293)
2022-03-28 20:20:55.215  INFO 1876 --- [http-nio-8080-exec-1] o.a.c.c.C.[Tomcat].[localhost].[/]       : Initializing Spring DispatcherServlet 'dispatcherServlet'
2022-03-28 20:20:55.215  INFO 1876 --- [http-nio-8080-exec-1] o.s.web.servlet.DispatcherServlet        : Initializing Servlet 'dispatcherServlet'
2022-03-28 20:20:55.221  INFO 1876 --- [http-nio-8080-exec-1] o.s.web.servlet.DispatcherServlet        : Completed initialization in 6 ms
2022-03-28 20:21:00.420  INFO 1876 --- [http-nio-8080-exec-6] com.example.demo.service.WordService     : Count String list...[ sasdf, aaa, dfdf, aacc], filter rules:  
2022-03-28 20:21:07.412  INFO 1876 --- [RMI TCP Connection(2)-127.0.0.1] inMXBeanRegistrar$SpringApplicationAdmin : Application shutdown requested.
2022-03-28 20:21:07.448  INFO 1876 --- [RMI TCP Connection(2)-127.0.0.1] o.s.s.concurrent.ThreadPoolTaskExecutor  : Shutting down ExecutorService 'applicationTaskExecutor'
